--------------- Build Started: 04/02/2021 11:30:59 Project: Generic, Configuration: ARM GCC 5.4-2016-q2-update Debug ---------------
cydsfit.exe -.appdatapath "C:\Users\Cino\AppData\Local\Cypress Semiconductor\PSoC Creator\4.4" -.fdsnotice -.fdswarpdepfile=warp_dependencies.txt -.fdselabdepfile=elab_dependencies.txt -.fdsbldfile=generated_files.txt -.fdsreffile=referenced_files.txt -p "D:\Program Files\Google Drive\HapticLab\3_Utils\qbrobotics\qb_psoc5_firmware\Generic.cydsn\Generic.cyprj" -d CY8C5888LTI-LP097 -s "D:\Program Files\Google Drive\HapticLab\3_Utils\qbrobotics\qb_psoc5_firmware\Generic.cydsn\Generated_Source\PSoC5" -- -yv2 -q10 -ygs -o2 -v3 -.fftcfgtype=LE
Elaborating Design...
HDL Generation...
Synthesis...
Tech Mapping...
Analog Placement...
Info: apr.M0002: Analog signal "\ADC:Net_35\" is connected to one terminal only. (App=cydsfit)
Analog Routing...
Analog Code Generation...
Digital Placement...
Digital Routing...
Bitstream Generation...
Bitstream Verification...
Static timing analysis...
API Generation...
Dependency Generation...
Cleanup...
arm-none-eabi-gcc.exe -mcpu=cortex-m3 -mthumb -I. -IGenerated_Source\PSoC5 -Wa,-alh=.\CortexM3\ARM_GCC_541\Debug/command_processing.lst -g -D DEBUG -D CY_CORE_ID=0 -Wall -ffunction-sections -ffat-lto-objects -Og -c ..\src\command_processing.c -o .\CortexM3\ARM_GCC_541\Debug\command_processing.o
In file included from Generated_Source\PSoC5/project.h:79:0,
                 from ..\src\device.h:14,
                 from ..\src\globals.h:52,
                 from ..\src\command_processing.h:55,
                 from ..\src\command_processing.c:47:
Generated_Source\PSoC5/SD.h:23:22: fatal error: MMC_X_HW.h: No such file or directory
compilation terminated.
The command 'arm-none-eabi-gcc.exe' failed with exit code '1'.
--------------- Build Failed: 04/02/2021 11:31:25 ---------------
